0 info it worked if it ends with ok
1 verbose cli [
1 verbose cli   '/usr/local/bin/node',
1 verbose cli   '/Users/matthewbert/Desktop/MentalGeek-Social/node_modules/.bin/npm',
1 verbose cli   'run',
1 verbose cli   'client'
1 verbose cli ]
2 info using npm@3.10.10
3 info using node@v12.18.0
4 warn invalid config loglevel="notice"
5 verbose run-script [ 'preclient', 'client', 'postclient' ]
6 info lifecycle mentalgeek-social@1.0.0~preclient: mentalgeek-social@1.0.0
7 silly lifecycle mentalgeek-social@1.0.0~preclient: no script for preclient, continuing
8 info lifecycle mentalgeek-social@1.0.0~client: mentalgeek-social@1.0.0
9 verbose lifecycle mentalgeek-social@1.0.0~client: unsafe-perm in lifecycle true
10 verbose lifecycle mentalgeek-social@1.0.0~client: PATH: /Users/matthewbert/Desktop/MentalGeek-Social/node_modules/npm/bin/node-gyp-bin:/Users/matthewbert/Desktop/MentalGeek-Social/node_modules/.bin:/usr/local/lib/node_modules/npm/node_modules/npm-lifecycle/node-gyp-bin:/Users/matthewbert/Desktop/MentalGeek-Social/node_modules/.bin:/usr/local/bin:/usr/bin:/bin:/usr/sbin:/sbin:/Development/android-sdk/platform-tools:/Development/android-sdk/tools:/Development/android-sdk/platform-tools:/Development/android-sdk/tools
11 verbose lifecycle mentalgeek-social@1.0.0~client: CWD: /Users/matthewbert/Desktop/MentalGeek-Social
12 silly lifecycle mentalgeek-social@1.0.0~client: Args: [ '-c', 'npm start --prefix client' ]
13 silly lifecycle mentalgeek-social@1.0.0~client: Returned: code: 1  signal: null
14 info lifecycle mentalgeek-social@1.0.0~client: Failed to exec client script
15 verbose stack Error: mentalgeek-social@1.0.0 client: `npm start --prefix client`
15 verbose stack Exit status 1
15 verbose stack     at EventEmitter.<anonymous> (/Users/matthewbert/Desktop/MentalGeek-Social/node_modules/npm/lib/utils/lifecycle.js:255:16)
15 verbose stack     at EventEmitter.emit (events.js:315:20)
15 verbose stack     at ChildProcess.<anonymous> (/Users/matthewbert/Desktop/MentalGeek-Social/node_modules/npm/lib/utils/spawn.js:40:14)
15 verbose stack     at ChildProcess.emit (events.js:315:20)
15 verbose stack     at maybeClose (internal/child_process.js:1021:16)
15 verbose stack     at Process.ChildProcess._handle.onexit (internal/child_process.js:286:5)
16 verbose pkgid mentalgeek-social@1.0.0
17 verbose cwd /Users/matthewbert/Desktop/MentalGeek-Social
18 error Darwin 18.7.0
19 error argv "/usr/local/bin/node" "/Users/matthewbert/Desktop/MentalGeek-Social/node_modules/.bin/npm" "run" "client"
20 error node v12.18.0
21 error npm  v3.10.10
22 error code ELIFECYCLE
23 error mentalgeek-social@1.0.0 client: `npm start --prefix client`
23 error Exit status 1
24 error Failed at the mentalgeek-social@1.0.0 client script 'npm start --prefix client'.
24 error Make sure you have the latest version of node.js and npm installed.
24 error If you do, this is most likely a problem with the mentalgeek-social package,
24 error not with npm itself.
24 error Tell the author that this fails on your system:
24 error     npm start --prefix client
24 error You can get information on how to open an issue for this project with:
24 error     npm bugs mentalgeek-social
24 error Or if that isn't available, you can get their info via:
24 error     npm owner ls mentalgeek-social
24 error There is likely additional logging output above.
25 verbose exit [ 1, true ]
